<?xml version="1.0" encoding="UTF-8" ?>
<testsuite errors="0" failures="0" hostname="DK_Lenovo" name="test.TeamClass" skipped="0" tests="16" time="0.214" timestamp="2015-12-02T02:54:55">
  <properties>
[...]
</properties>
  <testcase classname="test.TeamClass" name="teamTestConstructor1" time="0.08" />
  <testcase classname="test.TeamClass" name="teamTestConstructor2" time="0.0" />
  <testcase classname="test.TeamClass" name="teamTestConstructor3" time="0.0" />
  <testcase classname="test.TeamClass" name="teamTestConstructor4" time="0.001" />
  <testcase classname="test.TeamClass" name="teamTestConstructor5" time="0.001" />
  <testcase classname="test.TeamClass" name="teamTestConstructor6" time="0.0" />
  <testcase classname="test.TeamClass" name="teamTestConstructor7" time="0.0" />
  <testcase classname="test.TeamClass" name="teamTestConstructor9" time="0.001" />
  <testcase classname="test.TeamClass" name="teamTestConstructorShotsForField" time="0.0" />
  <testcase classname="test.TeamClass" name="teamTestConstructor10" time="0.0" />
  <testcase classname="test.TeamClass" name="teamTestConstructor11" time="0.001" />
  <testcase classname="test.TeamClass" name="teamTestConstructor12" time="0.0" />
  <testcase classname="test.TeamClass" name="teamTestConstructor13" time="0.001" />
  <testcase classname="test.TeamClass" name="teamTestConstructor14" time="0.0" />
  <testcase classname="test.TeamClass" name="teamTestConstructor15" time="0.001" />
  <testcase classname="test.TeamClass" name="teamTestConstructorShotsAgainstField" time="0.001" />
  <system-out><![CDATA[]]></system-out>
  <system-err><![CDATA[]]></system-err>
</testsuite>
